{
  "RSpec": {
    "coverage": {
      "/Users/admin/ca/demos/rails_demo/rails_demo/config/environment.rb": [
        null,
        1,
        null,
        null,
        1
      ],
      "/Users/admin/ca/demos/rails_demo/rails_demo/config/application.rb": [
        1,
        null,
        1,
        1,
        1,
        1,
        1,
        1,
        1,
        1,
        1,
        1,
        1,
        null,
        1,
        null,
        1,
        1,
        1,
        1,
        1,
        1,
        1,
        1,
        1,
        1,
        1,
        null,
        null,
        null
      ],
      "/Users/admin/ca/demos/rails_demo/rails_demo/config/boot.rb": [
        1,
        null,
        1,
        1
      ],
      "/Users/admin/ca/demos/rails_demo/rails_demo/config/environments/test.rb": [
        1,
        null,
        null,
        null,
        null,
        null,
        null,
        1,
        null,
        null,
        1,
        1,
        null,
        null,
        null,
        null,
        1,
        null,
        null,
        1,
        1,
        null,
        null,
        null,
        null,
        1,
        1,
        1,
        null,
        null,
        1,
        null,
        null,
        1,
        null,
        null,
        1,
        null,
        1,
        null,
        null,
        null,
        null,
        1,
        null,
        null,
        1,
        null,
        null,
        1,
        null,
        null,
        1,
        null,
        null,
        null,
        null,
        null,
        null,
        null
      ],
      "/Users/admin/ca/demos/rails_demo/rails_demo/config/initializers/application_controller_renderer.rb": [
        null,
        null,
        null,
        null,
        null,
        null,
        null,
        null
      ],
      "/Users/admin/ca/demos/rails_demo/rails_demo/config/initializers/backtrace_silencers.rb": [
        null,
        null,
        null,
        null,
        null,
        null,
        null,
        1
      ],
      "/Users/admin/ca/demos/rails_demo/rails_demo/config/initializers/cors.rb": [
        null,
        null,
        null,
        null,
        null,
        null,
        null,
        1,
        1,
        1,
        1,
        null,
        null,
        null,
        null
      ],
      "/Users/admin/ca/demos/rails_demo/rails_demo/config/initializers/filter_parameter_logging.rb": [
        null,
        null,
        null,
        1,
        null,
        null
      ],
      "/Users/admin/ca/demos/rails_demo/rails_demo/config/initializers/inflections.rb": [
        null,
        null,
        null,
        null,
        null,
        null,
        null,
        null,
        null,
        null,
        null,
        null,
        null,
        null,
        null,
        null
      ],
      "/Users/admin/ca/demos/rails_demo/rails_demo/config/initializers/mime_types.rb": [
        null,
        null,
        null,
        null
      ],
      "/Users/admin/ca/demos/rails_demo/rails_demo/config/initializers/wrap_parameters.rb": [
        null,
        null,
        null,
        null,
        null,
        null,
        1,
        2,
        null,
        null,
        null,
        null,
        null,
        null
      ],
      "/Users/admin/ca/demos/rails_demo/rails_demo/spec/factories/articles.rb": [
        1,
        1,
        3,
        4,
        4,
        4,
        null,
        null
      ],
      "/Users/admin/ca/demos/rails_demo/rails_demo/config/routes.rb": [
        1,
        1,
        1,
        null,
        null,
        null
      ],
      "/Users/admin/ca/demos/rails_demo/rails_demo/spec/support/response_json.rb": [
        1,
        1,
        2,
        null,
        null
      ],
      "/Users/admin/ca/demos/rails_demo/rails_demo/spec/models/article_spec.rb": [
        1,
        null,
        1,
        1,
        null
      ],
      "/Users/admin/ca/demos/rails_demo/rails_demo/app/models/article.rb": [
        1,
        1,
        null
      ],
      "/Users/admin/ca/demos/rails_demo/rails_demo/app/models/application_record.rb": [
        1,
        1,
        null
      ],
      "/Users/admin/ca/demos/rails_demo/rails_demo/spec/requests/api/articles/index_spec.rb": [
        1,
        2,
        null,
        1,
        1,
        1,
        1,
        null,
        1,
        1,
        null,
        null,
        1,
        1,
        null,
        null,
        1,
        1,
        2,
        null,
        2,
        null,
        1,
        1,
        null,
        null,
        null
      ],
      "/Users/admin/ca/demos/rails_demo/rails_demo/app/controllers/api/articles_controller.rb": [
        1,
        1,
        3,
        3,
        1,
        null,
        2,
        null,
        null,
        null
      ],
      "/Users/admin/ca/demos/rails_demo/rails_demo/app/controllers/application_controller.rb": [
        1,
        null
      ]
    },
    "timestamp": 1632234867
  }
}
